<?xml version="1.0" encoding="UTF-8"?>
<coverage generated="1744480169587" clover="3.2.0">
  <project timestamp="1744480169588" name="All files">
    <metrics statements="2" coveredstatements="2" conditionals="6" coveredconditionals="6" methods="1" coveredmethods="1" elements="9" coveredelements="9" complexity="0" loc="2" ncloc="2" packages="1" files="1" classes="1"/>
    <file name="gamerhealth.js" path="A:\Нетология\JavaScript\углубленный\дз 4\src\gamerhealth.js">
      <metrics statements="2" coveredstatements="2" conditionals="6" coveredconditionals="6" methods="1" coveredmethods="1"/>
      <line num="3" count="3" type="cond" truecount="2" falsecount="0"/>
      <line num="6" count="3" type="stmt"/>
    </file>
  </project>
</coverage>
