{"A:\\Нетология\\JavaScript\\углубленный\\дз 4\\src\\gamerhealth.js": {"path":"A:\\Нетология\\JavaScript\\углубленный\\дз 4\\src\\gamerhealth.js","statementMap":{"0":{"start":{"line":3,"column":22},"end":{"line":5,"column":13}},"1":{"start":{"line":6,"column":4},"end":{"line":6,"column":23}}},"fnMap":{"0":{"name":"gamerHealth","decl":{"start":{"line":2,"column":16},"end":{"line":2,"column":27}},"loc":{"start":{"line":2,"column":35},"end":{"line":7,"column":1}},"line":2}},"branchMap":{"0":{"loc":{"start":{"line":3,"column":22},"end":{"line":5,"column":13}},"type":"cond-expr","locations":[{"start":{"line":3,"column":44},"end":{"line":3,"column":54}},{"start":{"line":4,"column":4},"end":{"line":5,"column":13}}],"line":3},"1":{"loc":{"start":{"line":4,"column":4},"end":{"line":5,"column":13}},"type":"cond-expr","locations":[{"start":{"line":4,"column":49},"end":{"line":4,"column":58}},{"start":{"line":5,"column":4},"end":{"line":5,"column":13}}],"line":4},"2":{"loc":{"start":{"line":4,"column":5},"end":{"line":4,"column":45}},"type":"binary-expr","locations":[{"start":{"line":4,"column":5},"end":{"line":4,"column":23}},{"start":{"line":4,"column":27},"end":{"line":4,"column":45}}],"line":4}},"s":{"0":3,"1":3},"f":{"0":3},"b":{"0":[1,2],"1":[1,1],"2":[2,2]},"_coverageSchema":"1a1c01bbd47fc00a2c39e90264f33305004495a9","hash":"44928e0ad9b27fcca5893544a23cdc2b506c9c27"}
}
